# JRE version: Java(TM) SE Runtime Environment (8.0_40-b26) (build 1.8.0_40-b26)
# Java VM: Java HotSpot(TM) 64-Bit Server VM (25.40-b25 mixed mode windows-amd64 compressed oops)
Heap:
 PSYoungGen      total 457216K, used 84831K [0x00000000e0000000, 0x00000000ffd80000, 0x0000000100000000)
  eden space 439296K, 15% used [0x00000000e0000000,0x00000000e41bd620,0x00000000fad00000)
  from space 17920K, 97% used [0x00000000fad00000,0x00000000fbe1a878,0x00000000fbe80000)
  to   space 40448K, 0% used [0x00000000fd600000,0x00000000fd600000,0x00000000ffd80000)
 ParOldGen       total 148992K, used 102015K [0x00000000a0000000, 0x00000000a9180000, 0x00000000e0000000)
  object space 148992K, 68% used [0x00000000a0000000,0x00000000a639fe38,0x00000000a9180000)
 Metaspace       used 79479K, capacity 86554K, committed 86824K, reserved 1124352K
  class space    used 10311K, capacity 11790K, committed 11824K, reserved 1048576K
GC Heap History (10 events):
Event: 1041.636 GC heap before
{Heap before GC invocations=24 (full 3):
 PSYoungGen      total 471040K, used 439989K [0x00000000e0000000, 0x00000000ffc00000, 0x0000000100000000)
  eden space 428032K, 100% used [0x00000000e0000000,0x00000000fa200000,0x00000000fa200000)
  from space 43008K, 27% used [0x00000000fd200000,0x00000000fddad7a8,0x00000000ffc00000)
  to   space 46080K, 0% used [0x00000000fa200000,0x00000000fa200000,0x00000000fcf00000)
 ParOldGen       total 148992K, used 82271K [0x00000000a0000000, 0x00000000a9180000, 0x00000000e0000000)
  object space 148992K, 55% used [0x00000000a0000000,0x00000000a5057fc0,0x00000000a9180000)
 Metaspace       used 76422K, capacity 81076K, committed 81320K, reserved 1120256K
  class space    used 9902K, capacity 10887K, committed 10928K, reserved 1048576K
Event: 1041.651 GC heap after
Heap after GC invocations=24 (full 3):
 PSYoungGen      total 474112K, used 8936K [0x00000000e0000000, 0x0000000100000000, 0x0000000100000000)
  eden space 428032K, 0% used [0x00000000e0000000,0x00000000e0000000,0x00000000fa200000)
  from space 46080K, 19% used [0x00000000fa200000,0x00000000faaba140,0x00000000fcf00000)
  to   space 45568K, 0% used [0x00000000fd380000,0x00000000fd380000,0x0000000100000000)
 ParOldGen       total 148992K, used 83769K [0x00000000a0000000, 0x00000000a9180000, 0x00000000e0000000)
  object space 148992K, 56% used [0x00000000a0000000,0x00000000a51ce5d8,0x00000000a9180000)
 Metaspace       used 76422K, capacity 81076K, committed 81320K, reserved 1120256K
  class space    used 9902K, capacity 10887K, committed 10928K, reserved 1048576K
}
Event: 1198.555 GC heap before
{Heap before GC invocations=25 (full 3):
 PSYoungGen      total 474112K, used 436968K [0x00000000e0000000, 0x0000000100000000, 0x0000000100000000)
  eden space 428032K, 100% used [0x00000000e0000000,0x00000000fa200000,0x00000000fa200000)
  from space 46080K, 19% used [0x00000000fa200000,0x00000000faaba140,0x00000000fcf00000)
  to   space 45568K, 0% used [0x00000000fd380000,0x00000000fd380000,0x0000000100000000)
 ParOldGen       total 148992K, used 83769K [0x00000000a0000000, 0x00000000a9180000, 0x00000000e0000000)
  object space 148992K, 56% used [0x00000000a0000000,0x00000000a51ce5d8,0x00000000a9180000)
 Metaspace       used 76992K, capacity 82088K, committed 82344K, reserved 1120256K
  class space    used 9957K, capacity 11095K, committed 11184K, reserved 1048576K
Event: 1198.583 GC heap after
Heap after GC invocations=25 (full 3):
 PSYoungGen      total 471552K, used 18720K [0x00000000e0000000, 0x00000000ff980000, 0x0000000100000000)
  eden space 432640K, 0% used [0x00000000e0000000,0x00000000e0000000,0x00000000fa680000)
  from space 38912K, 48% used [0x00000000fd380000,0x00000000fe5c8040,0x00000000ff980000)
  to   space 42496K, 0% used [0x00000000fa680000,0x00000000fa680000,0x00000000fd000000)
 ParOldGen       total 148992K, used 85129K [0x00000000a0000000, 0x00000000a9180000, 0x00000000e0000000)
  object space 148992K, 57% used [0x00000000a0000000,0x00000000a53226e8,0x00000000a9180000)
 Metaspace       used 76992K, capacity 82088K, committed 82344K, reserved 1120256K
  class space    used 9957K, capacity 11095K, committed 11184K, reserved 1048576K
}
Event: 1374.043 GC heap before
{Heap before GC invocations=26 (full 3):
 PSYoungGen      total 471552K, used 451360K [0x00000000e0000000, 0x00000000ff980000, 0x0000000100000000)
  eden space 432640K, 100% used [0x00000000e0000000,0x00000000fa680000,0x00000000fa680000)
  from space 38912K, 48% used [0x00000000fd380000,0x00000000fe5c8040,0x00000000ff980000)
  to   space 42496K, 0% used [0x00000000fa680000,0x00000000fa680000,0x00000000fd000000)
 ParOldGen       total 148992K, used 85129K [0x00000000a0000000, 0x00000000a9180000, 0x00000000e0000000)
  object space 148992K, 57% used [0x00000000a0000000,0x00000000a53226e8,0x00000000a9180000)
 Metaspace       used 78674K, capacity 85414K, committed 85672K, reserved 1124352K
  class space    used 10238K, capacity 11634K, committed 11696K, reserved 1048576K
Event: 1374.082 GC heap after
Heap after GC invocations=26 (full 3):
 PSYoungGen      total 475136K, used 15008K [0x00000000e0000000, 0x0000000100000000, 0x0000000100000000)
  eden space 432640K, 0% used [0x00000000e0000000,0x00000000e0000000,0x00000000fa680000)
  from space 42496K, 35% used [0x00000000fa680000,0x00000000fb528020,0x00000000fd000000)
  to   space 40960K, 0% used [0x00000000fd800000,0x00000000fd800000,0x0000000100000000)
 ParOldGen       total 148992K, used 102007K [0x00000000a0000000, 0x00000000a9180000, 0x00000000e0000000)
  object space 148992K, 68% used [0x00000000a0000000,0x00000000a639de38,0x00000000a9180000)
 Metaspace       used 78674K, capacity 85414K, committed 85672K, reserved 1124352K
  class space    used 10238K, capacity 11634K, committed 11696K, reserved 1048576K
}
Event: 1394.062 GC heap before
{Heap before GC invocations=27 (full 3):
 PSYoungGen      total 475136K, used 446105K [0x00000000e0000000, 0x0000000100000000, 0x0000000100000000)
  eden space 432640K, 99% used [0x00000000e0000000,0x00000000fa4fe5c0,0x00000000fa680000)
  from space 42496K, 35% used [0x00000000fa680000,0x00000000fb528020,0x00000000fd000000)
  to   space 40960K, 0% used [0x00000000fd800000,0x00000000fd800000,0x0000000100000000)
 ParOldGen       total 148992K, used 102007K [0x00000000a0000000, 0x00000000a9180000, 0x00000000e0000000)
  object space 148992K, 68% used [0x00000000a0000000,0x00000000a639de38,0x00000000a9180000)
 Metaspace       used 79366K, capacity 86302K, committed 86568K, reserved 1124352K
  class space    used 10299K, capacity 11750K, committed 11824K, reserved 1048576K
Event: 1394.107 GC heap after
Heap after GC invocations=27 (full 3):
 PSYoungGen      total 480256K, used 28332K [0x00000000e0000000, 0x0000000100000000, 0x0000000100000000)
  eden space 439296K, 0% used [0x00000000e0000000,0x00000000e0000000,0x00000000fad00000)
  from space 40960K, 69% used [0x00000000fd800000,0x00000000ff3ab110,0x0000000100000000)
  to   space 42496K, 0% used [0x00000000fad00000,0x00000000fad00000,0x00000000fd680000)
 ParOldGen       total 148992K, used 102015K [0x00000000a0000000, 0x00000000a9180000, 0x00000000e0000000)
  object space 148992K, 68% used [0x00000000a0000000,0x00000000a639fe38,0x00000000a9180000)
 Metaspace       used 79366K, capacity 86302K, committed 86568K, reserved 1124352K
  class space    used 10299K, capacity 11750K, committed 11824K, reserved 1048576K
}
Event: 1555.714 GC heap before
{Heap before GC invocations=28 (full 3):
 PSYoungGen      total 480256K, used 467628K [0x00000000e0000000, 0x0000000100000000, 0x0000000100000000)
  eden space 439296K, 100% used [0x00000000e0000000,0x00000000fad00000,0x00000000fad00000)
  from space 40960K, 69% used [0x00000000fd800000,0x00000000ff3ab110,0x0000000100000000)
  to   space 42496K, 0% used [0x00000000fad00000,0x00000000fad00000,0x00000000fd680000)
 ParOldGen       total 148992K, used 102015K [0x00000000a0000000, 0x00000000a9180000, 0x00000000e0000000)
  object space 148992K, 68% used [0x00000000a0000000,0x00000000a639fe38,0x00000000a9180000)
 Metaspace       used 79411K, capacity 86302K, committed 86568K, reserved 1124352K
  class space    used 10299K, capacity 11750K, committed 11824K, reserved 1048576K
Event: 1555.733 GC heap after
Heap after GC invocations=28 (full 3):
 PSYoungGen      total 457216K, used 17514K [0x00000000e0000000, 0x00000000ffd80000, 0x0000000100000000)
  eden space 439296K, 0% used [0x00000000e0000000,0x00000000e0000000,0x00000000fad00000)
  from space 17920K, 97% used [0x00000000fad00000,0x00000000fbe1a878,0x00000000fbe80000)
  to   space 40448K, 0% used [0x00000000fd600000,0x00000000fd600000,0x00000000ffd80000)
 ParOldGen       total 148992K, used 102015K [0x00000000a0000000, 0x00000000a9180000, 0x00000000e0000000)
  object space 148992K, 68% used [0x00000000a0000000,0x00000000a639fe38,0x00000000a9180000)
 Metaspace       used 79411K, capacity 86302K, committed 86568K, reserved 1124352K
  class space    used 10299K, capacity 11750K, committed 11824K, reserved 1048576K
}

